[debug] [2023-07-22T09:20:42.057Z] ----------------------------------------------------------------------
[debug] [2023-07-22T09:20:42.059Z] Command:       C:\Program Files\nodejs\node.exe C:\Users\Linkln\AppData\Roaming\npm\node_modules\firebase-tools\lib\bin\firebase.js init
[debug] [2023-07-22T09:20:42.059Z] CLI Version:   12.4.5
[debug] [2023-07-22T09:20:42.060Z] Platform:      win32
[debug] [2023-07-22T09:20:42.060Z] Node Version:  v16.17.0
[debug] [2023-07-22T09:20:42.061Z] Time:          Sat Jul 22 2023 12:20:42 GMT+0300 (Восточная Европа, летнее время)
[debug] [2023-07-22T09:20:42.061Z] ----------------------------------------------------------------------
[debug] 
[debug] [2023-07-22T09:20:42.131Z] > command requires scopes: ["email","openid","https://www.googleapis.com/auth/cloudplatformprojects.readonly","https://www.googleapis.com/auth/firebase","https://www.googleapis.com/auth/cloud-platform"]
[debug] [2023-07-22T09:20:42.132Z] > authorizing via signed-in user (liviusss2000cojocaru@gmail.com)
[info] 
     ######## #### ########  ######## ########     ###     ######  ########
     ##        ##  ##     ## ##       ##     ##  ##   ##  ##       ##
     ######    ##  ########  ######   ########  #########  ######  ######
     ##        ##  ##    ##  ##       ##     ## ##     ##       ## ##
     ##       #### ##     ## ######## ########  ##     ##  ######  ########

You're about to initialize a Firebase project in this directory:

  C:\Users\Linkln\Desktop\Proiecte\GimnaziulCasuncaFront

Before we get started, keep in mind:

  * You are initializing within an existing Firebase project directory

